<?xml version="1.0" encoding="UTF-8"?>
<testng-results skipped="0" failed="0" ignored="0" total="2" passed="2">
  <reporter-output>
  </reporter-output>
  <suite name="Suite" duration-ms="15712" started-at="2021-04-16T19:39:46 IST" finished-at="2021-04-16T19:40:02 IST">
    <groups>
    </groups>
    <test name="Test" duration-ms="15712" started-at="2021-04-16T19:39:46 IST" finished-at="2021-04-16T19:40:02 IST">
      <class name="com.pom.first.TestScript.Loginpage_TC001">
        <test-method status="PASS" signature="setup()[pri:0, instance:com.pom.first.TestScript.Loginpage_TC001@3d921e20]" name="setup" is-config="true" duration-ms="11030" started-at="2021-04-16T19:39:46 IST" finished-at="2021-04-16T19:39:57 IST">
          <reporter-output>
          </reporter-output>
        </test-method> <!-- setup -->
        <test-method status="PASS" signature="validate_login()[pri:0, instance:com.pom.first.TestScript.Loginpage_TC001@3d921e20]" name="validate_login" duration-ms="4447" started-at="2021-04-16T19:39:57 IST" finished-at="2021-04-16T19:40:01 IST">
          <reporter-output>
          </reporter-output>
        </test-method> <!-- validate_login -->
        <test-method status="PASS" signature="validate_title()[pri:0, instance:com.pom.first.TestScript.Loginpage_TC001@3d921e20]" name="validate_title" duration-ms="24" started-at="2021-04-16T19:40:01 IST" finished-at="2021-04-16T19:40:01 IST">
          <reporter-output>
          </reporter-output>
        </test-method> <!-- validate_title -->
        <test-method status="PASS" signature="tearup()[pri:0, instance:com.pom.first.TestScript.Loginpage_TC001@3d921e20]" name="tearup" is-config="true" duration-ms="164" started-at="2021-04-16T19:40:01 IST" finished-at="2021-04-16T19:40:02 IST">
          <reporter-output>
          </reporter-output>
        </test-method> <!-- tearup -->
      </class> <!-- com.pom.first.TestScript.Loginpage_TC001 -->
    </test> <!-- Test -->
  </suite> <!-- Suite -->
</testng-results>
