<?xml version="1.0" encoding="UTF-8"?>
<testng-results ignored="0" total="2" passed="2" failed="0" skipped="0">
  <reporter-output>
  </reporter-output>
  <suite started-at="2021-04-13T10:59:44 IST" name="Suite" finished-at="2021-04-13T10:59:58 IST" duration-ms="14597">
    <groups>
    </groups>
    <test started-at="2021-04-13T10:59:44 IST" name="Test" finished-at="2021-04-13T10:59:58 IST" duration-ms="14597">
      <class name="com.pom.first.TestScript.Loginpage_TC001">
        <test-method is-config="true" signature="setup()[pri:0, instance:com.pom.first.TestScript.Loginpage_TC001@3911c2a7]" started-at="2021-04-13T10:59:44 IST" name="setup" finished-at="2021-04-13T10:59:53 IST" duration-ms="9112" status="PASS">
          <reporter-output>
          </reporter-output>
        </test-method> <!-- setup -->
        <test-method signature="validate_login()[pri:0, instance:com.pom.first.TestScript.Loginpage_TC001@3911c2a7]" started-at="2021-04-13T10:59:53 IST" name="validate_login" finished-at="2021-04-13T10:59:58 IST" duration-ms="5233" status="PASS">
          <reporter-output>
          </reporter-output>
        </test-method> <!-- validate_login -->
        <test-method signature="validate_title()[pri:0, instance:com.pom.first.TestScript.Loginpage_TC001@3911c2a7]" started-at="2021-04-13T10:59:58 IST" name="validate_title" finished-at="2021-04-13T10:59:58 IST" duration-ms="25" status="PASS">
          <reporter-output>
          </reporter-output>
        </test-method> <!-- validate_title -->
        <test-method is-config="true" signature="tearup()[pri:0, instance:com.pom.first.TestScript.Loginpage_TC001@3911c2a7]" started-at="2021-04-13T10:59:58 IST" name="tearup" finished-at="2021-04-13T10:59:58 IST" duration-ms="162" status="PASS">
          <reporter-output>
          </reporter-output>
        </test-method> <!-- tearup -->
      </class> <!-- com.pom.first.TestScript.Loginpage_TC001 -->
    </test> <!-- Test -->
  </suite> <!-- Suite -->
</testng-results>
